/home/wcrea/CSC456-Project/sha256.cl:43:37: warning: declaring kernel argument with no 'restrict' may lead to low kernel performance
__kernel void sha256(__global uint *data, __global char *key, __global uint *digest) {
                                    ^
/home/wcrea/CSC456-Project/sha256.cl:43:58: warning: declaring kernel argument with no 'restrict' may lead to low kernel performance
__kernel void sha256(__global uint *data, __global char *key, __global uint *digest) {
                                                         ^
/home/wcrea/CSC456-Project/sha256.cl:43:78: warning: declaring kernel argument with no 'restrict' may lead to low kernel performance
__kernel void sha256(__global uint *data, __global char *key, __global uint *digest) {
                                                                             ^
3 warnings generated.
======================================================================================================================
|                                          *** Optimization Report ***                                               |
| Warning: Compile with "-g" to get line number and variable name information                                        |
======================================================================================================================
| Kernel: sha256                                                                                           | Ln.Col  |
======================================================================================================================
| Loop for.body                                                                                            |         |
| Pipelined execution not inferred, iterations will be executed serially.                                  |         |
----------------------------------------------------------------------------------------------------------------------
| Loop for.body21                                                                                          |         |
|     Pipelined execution inferred.                                                                        |         |
----------------------------------------------------------------------------------------------------------------------
| Loop for.body36                                                                                          |         |
|     Pipelined execution inferred.                                                                        |         |
----------------------------------------------------------------------------------------------------------------------
| Loop for.body179                                                                                         |         |
|     Pipelined execution inferred.                                                                        |         |
|     Successive iterations launched every 63 cycles due to:                                               |         |
|                                                                                                          |         |
|         Memory dependency on Load Operation from:                                                        |         |
|           Store Operation                                                                                |         |
|         Largest Critical Path Contributors:                                                              |         |
|             49%: Load Operation                                                                          |         |
|             47%: Store Operation                                                                         |         |
|                                                                                                          |         |
|         Memory dependency on Load Operation from:                                                        |         |
|           Store Operation                                                                                |         |
|         Largest Critical Path Contributors:                                                              |         |
|             49%: Load Operation                                                                          |         |
|             48%: Store Operation                                                                         |         |
|                                                                                                          |         |
|         Memory dependency on Load Operation from:                                                        |         |
|           Store Operation                                                                                |         |
|         Largest Critical Path Contributors:                                                              |         |
|             49%: Load Operation                                                                          |         |
|             47%: Store Operation                                                                         |         |
|                                                                                                          |         |
|         Memory dependency on Load Operation from:                                                        |         |
|           Store Operation                                                                                |         |
|         Largest Critical Path Contributors:                                                              |         |
|             49%: Load Operation                                                                          |         |
|             48%: Store Operation                                                                         |         |
======================================================================================================================


+--------------------------------------------------------------------+
; Estimated Resource Usage Summary                                   ;
+----------------------------------------+---------------------------+
; Resource                               + Usage                     ;
+----------------------------------------+---------------------------+
; Logic utilization                      ;   69%                     ;
; Dedicated logic registers              ;   31%                     ;
; Memory blocks                          ;   61%                     ;
; DSP blocks                             ;    4%                     ;
+----------------------------------------+---------------------------;
System name: sha256

Placing kernel sha256 at address 0x0
2018.04.23.18:44:03 Info: Doing: <b>qsys-script --script=system.tcl --Xmx512M --XX:+UseSerialGC --system-file=system.qsys</b>
2018.04.23.18:45:17 Info: set_validation_property AUTOMATIC_VALIDATION false
2018.04.23.18:45:17 Info: add_instance sha256_system sha256_system 
2018.04.23.18:45:17 Info: add_connection acl_iface.kernel_clk sha256_system.clock_reset
2018.04.23.18:45:17 Info: add_connection acl_iface.kernel_clk2x sha256_system.clock_reset2x
2018.04.23.18:45:17 Info: add_connection acl_iface.kernel_reset sha256_system.clock_reset_reset
2018.04.23.18:45:17 Info: add_connection sha256_system.avm_memgmem0_port_0_0_rw acl_iface.kernel_mem0
2018.04.23.18:45:17 Info: add_connection acl_iface.kernel_irq sha256_system.kernel_irq
2018.04.23.18:45:17 Info: add_instance cra_root cra_ring_root 
2018.04.23.18:45:17 Info: set_instance_parameter_value cra_root DATA_W 64
2018.04.23.18:45:17 Info: set_instance_parameter_value cra_root ADDR_W 4
2018.04.23.18:45:17 Info: set_instance_parameter_value cra_root ID_W 0
2018.04.23.18:45:17 Info: add_connection acl_iface.kernel_clk cra_root.clock
2018.04.23.18:45:17 Info: add_connection acl_iface.kernel_reset cra_root.reset
2018.04.23.18:45:17 Info: add_connection acl_iface.kernel_cra cra_root.cra_slave
2018.04.23.18:45:17 Info: set_connection_parameter_value acl_iface.kernel_cra/cra_root.cra_slave baseAddress 0x0
2018.04.23.18:45:17 Info: add_instance avs_sha256_cra_cra_ring cra_ring_node 
2018.04.23.18:45:17 Info: set_instance_parameter_value avs_sha256_cra_cra_ring DATA_W 64
2018.04.23.18:45:17 Info: set_instance_parameter_value avs_sha256_cra_cra_ring RING_ADDR_W 4
2018.04.23.18:45:17 Info: set_instance_parameter_value avs_sha256_cra_cra_ring CRA_ADDR_W 4
2018.04.23.18:45:17 Info: set_instance_parameter_value avs_sha256_cra_cra_ring ID_W 0
2018.04.23.18:45:17 Info: set_instance_parameter_value avs_sha256_cra_cra_ring ID 0
2018.04.23.18:45:17 Info: add_connection acl_iface.kernel_clk avs_sha256_cra_cra_ring.clock
2018.04.23.18:45:17 Info: add_connection acl_iface.kernel_reset avs_sha256_cra_cra_ring.reset
2018.04.23.18:45:17 Info: add_connection cra_root.ring_out avs_sha256_cra_cra_ring.ring_in
2018.04.23.18:45:17 Info: add_connection avs_sha256_cra_cra_ring.cra_master sha256_system.avs_sha256_cra
2018.04.23.18:45:17 Info: set_connection_parameter_value avs_sha256_cra_cra_ring.cra_master/sha256_system.avs_sha256_cra baseAddress 0x0
2018.04.23.18:45:17 Info: add_connection avs_sha256_cra_cra_ring.ring_out cra_root.ring_in
2018.04.23.18:45:17 Info: save_system 
2018.04.23.18:45:21 Progress: Loading bin_sha256/system.qsys
2018.04.23.18:45:22 Progress: Reading input file
2018.04.23.18:45:22 Progress: Adding ext_clk_50 [clock_source 14.0]
2018.04.23.18:45:23 Progress: Parameterizing module ext_clk_50
2018.04.23.18:45:23 Progress: Adding acl_iface [acl_iface_system 1.0]
2018.04.23.18:45:23 Progress: Reading input file
2018.04.23.18:45:23 Progress: Adding global_reset [altera_reset_bridge 14.0]
2018.04.23.18:45:23 Progress: Parameterizing module global_reset
2018.04.23.18:45:23 Progress: Adding config_clk [altera_clock_bridge 14.0]
2018.04.23.18:45:24 Progress: Parameterizing module config_clk
2018.04.23.18:45:24 Progress: Adding acl_kernel_clk [acl_kernel_clk 1.0]
2018.04.23.18:45:24 Progress: Reading input file
2018.04.23.18:45:24 Warning: Invalid device family name in input file: Stratix V
2018.04.23.18:45:24 Progress: Adding kernel_clk [clock_source 13.1]
2018.04.23.18:45:24 Warning: kernel_clk: Used clock_source 14.0 (instead of 13.1)
2018.04.23.18:45:24 Progress: Parameterizing module kernel_clk
2018.04.23.18:45:24 Progress: Adding kernel_pll [altera_pll 13.1]
2018.04.23.18:45:29 Warning: kernel_pll: Used altera_pll 14.0 (instead of 13.1)
2018.04.23.18:45:29 Progress: Parameterizing module kernel_pll
2018.04.23.18:45:29 Progress: Adding pll_reconfig_0 [acl_pll_reconfig 12.1]
2018.04.23.18:45:29 Warning: acl_pll_reconfig: set_interface_assignment: Interface "mgmt_waitrequest" does not exist
2018.04.23.18:45:29 Progress: Parameterizing module pll_reconfig_0
2018.04.23.18:45:29 Progress: Adding pll_rom [altera_avalon_onchip_memory2 13.1]
2018.04.23.18:45:29 Warning: pll_rom: Used altera_avalon_onchip_memory2 14.0 (instead of 13.1)
2018.04.23.18:45:29 Progress: Parameterizing module pll_rom
2018.04.23.18:45:29 Progress: Adding counter [timer 10.0]
2018.04.23.18:45:29 Progress: Parameterizing module counter
2018.04.23.18:45:29 Progress: Adding global_routing_kernel_clk [global_routing_clk 10.0]
2018.04.23.18:45:29 Progress: Parameterizing module global_routing_kernel_clk
2018.04.23.18:45:29 Progress: Adding global_routing_kernel_clk2x [global_routing_clk 10.0]
2018.04.23.18:45:29 Progress: Parameterizing module global_routing_kernel_clk2x
2018.04.23.18:45:29 Progress: Adding kernel_pll_refclk [altera_clock_bridge 13.1]
2018.04.23.18:45:29 Warning: kernel_pll_refclk: Used altera_clock_bridge 14.0 (instead of 13.1)
2018.04.23.18:45:29 Progress: Parameterizing module kernel_pll_refclk
2018.04.23.18:45:29 Progress: Adding ctrl [altera_avalon_mm_bridge 13.1]
2018.04.23.18:45:29 Warning: ctrl: Used altera_avalon_mm_bridge 14.0 (instead of 13.1)
2018.04.23.18:45:29 Progress: Parameterizing module ctrl
2018.04.23.18:45:29 Progress: Adding pll_sw_reset [sw_reset 10.0]
2018.04.23.18:45:29 Progress: Parameterizing module pll_sw_reset
2018.04.23.18:45:29 Progress: Adding pll_lock_avs_0 [pll_lock_avs 10.0]
2018.04.23.18:45:30 Progress: Parameterizing module pll_lock_avs_0
2018.04.23.18:45:30 Progress: Adding clk [clock_source 13.1]
2018.04.23.18:45:30 Warning: clk: Used clock_source 14.0 (instead of 13.1)
2018.04.23.18:45:30 Progress: Parameterizing module clk
2018.04.23.18:45:30 Progress: Adding version_id_0 [version_id 10.0]
2018.04.23.18:45:30 Progress: Parameterizing module version_id_0
2018.04.23.18:45:30 Progress: Building connections
2018.04.23.18:45:30 Progress: Parameterizing connections
2018.04.23.18:45:30 Progress: Validating
2018.04.23.18:45:40 Progress: Done reading input file
2018.04.23.18:45:41 Progress: Parameterizing module acl_kernel_clk
2018.04.23.18:45:41 Progress: Adding kernel_clk [clock_source 14.0]
2018.04.23.18:45:41 Progress: Parameterizing module kernel_clk
2018.04.23.18:45:41 Progress: Adding clock_bridge [altera_clock_bridge 14.0]
2018.04.23.18:45:41 Progress: Parameterizing module clock_bridge
2018.04.23.18:45:41 Progress: Adding clock_cross_kernel_mem1 [altera_avalon_mm_clock_crossing_bridge 14.0]
2018.04.23.18:45:41 Progress: Parameterizing module clock_cross_kernel_mem1
2018.04.23.18:45:41 Progress: Adding version_id [version_id 10.0]
2018.04.23.18:45:41 Progress: Parameterizing module version_id
2018.04.23.18:45:41 Progress: Adding hps [altera_hps 14.0]
2018.04.23.18:45:44 Progress: Parameterizing module hps
2018.04.23.18:45:44 Progress: Adding acl_kernel_interface [acl_kernel_interface 1.0]
2018.04.23.18:45:44 Progress: Reading input file
2018.04.23.18:45:44 Progress: Adding sys_description_rom [altera_avalon_onchip_memory2 13.1]
2018.04.23.18:45:44 Warning: sys_description_rom: Used altera_avalon_onchip_memory2 14.0 (instead of 13.1)
2018.04.23.18:45:44 Progress: Parameterizing module sys_description_rom
2018.04.23.18:45:44 Progress: Adding kernel_cra [altera_avalon_mm_bridge 13.1]
2018.04.23.18:45:44 Warning: kernel_cra: Used altera_avalon_mm_bridge 14.0 (instead of 13.1)
2018.04.23.18:45:44 Progress: Parameterizing module kernel_cra
2018.04.23.18:45:44 Progress: Adding address_span_extender_0 [altera_address_span_extender 1.2]
2018.04.23.18:45:44 Warning: address_span_extender_0: Used altera_address_span_extender 14.0 (instead of 1.2)
2018.04.23.18:45:44 Progress: Parameterizing module address_span_extender_0
2018.04.23.18:45:44 Progress: Adding sw_reset [sw_reset 10.0]
2018.04.23.18:45:44 Progress: Parameterizing module sw_reset
2018.04.23.18:45:44 Progress: Adding kernel_cntrl [altera_avalon_mm_bridge 13.1]
2018.04.23.18:45:44 Warning: kernel_cntrl: Used altera_avalon_mm_bridge 14.0 (instead of 13.1)
2018.04.23.18:45:44 Progress: Parameterizing module kernel_cntrl
2018.04.23.18:45:44 Progress: Adding mem_org_mode [mem_org_mode 10.0]
2018.04.23.18:45:44 Progress: Parameterizing module mem_org_mode
2018.04.23.18:45:44 Progress: Adding clk_reset [clock_source 13.1]
2018.04.23.18:45:44 Warning: clk_reset: Used clock_source 14.0 (instead of 13.1)
2018.04.23.18:45:44 Progress: Parameterizing module clk_reset
2018.04.23.18:45:44 Progress: Adding irq_bridge_0 [altera_irq_bridge 13.1]
2018.04.23.18:45:44 Warning: irq_bridge_0: Used altera_irq_bridge 14.0 (instead of 13.1)
2018.04.23.18:45:44 Progress: Parameterizing module irq_bridge_0
2018.04.23.18:45:44 Progress: Adding sw_reset_in [altera_reset_bridge 13.1]
2018.04.23.18:45:44 Warning: sw_reset_in: Used altera_reset_bridge 14.0 (instead of 13.1)
2018.04.23.18:45:44 Progress: Parameterizing module sw_reset_in
2018.04.23.18:45:44 Progress: Adding version_id_0 [version_id 10.0]
2018.04.23.18:45:44 Progress: Parameterizing module version_id_0
2018.04.23.18:45:44 Progress: Adding reset_controller_sw [altera_reset_controller 13.1]
2018.04.23.18:45:44 Warning: reset_controller_sw: Used altera_reset_controller 14.0 (instead of 13.1)
2018.04.23.18:45:44 Progress: Parameterizing module reset_controller_sw
2018.04.23.18:45:44 Progress: Adding kernel_clk [altera_clock_bridge 13.1]
2018.04.23.18:45:44 Warning: kernel_clk: Used altera_clock_bridge 14.0 (instead of 13.1)
2018.04.23.18:45:44 Progress: Parameterizing module kernel_clk
2018.04.23.18:45:44 Progress: Adding reset_bridge_0 [altera_reset_bridge 13.1]
2018.04.23.18:45:44 Warning: reset_bridge_0: Used altera_reset_bridge 14.0 (instead of 13.1)
2018.04.23.18:45:44 Progress: Parameterizing module reset_bridge_0
2018.04.23.18:45:44 Progress: Adding reset_bridge_1 [altera_reset_bridge 13.1]
2018.04.23.18:45:44 Warning: reset_bridge_1: Used altera_reset_bridge 14.0 (instead of 13.1)
2018.04.23.18:45:44 Progress: Parameterizing module reset_bridge_1
2018.04.23.18:45:44 Progress: Adding irq_ena_0 [irq_ena 13.0]
2018.04.23.18:45:53 Progress: Parameterizing module irq_ena_0
2018.04.23.18:45:53 Progress: Building connections
2018.04.23.18:45:53 Progress: Parameterizing connections
2018.04.23.18:45:53 Progress: Validating
2018.04.23.18:45:53 Progress: Done reading input file
2018.04.23.18:45:54 Progress: Parameterizing module acl_kernel_interface
2018.04.23.18:45:54 Progress: Adding pll [altera_pll 14.0]
2018.04.23.18:45:54 Progress: Parameterizing module pll
2018.04.23.18:45:54 Progress: Adding address_span_extender_kernel [altera_address_span_extender 14.0]
2018.04.23.18:45:54 Progress: Parameterizing module address_span_extender_kernel
2018.04.23.18:45:54 Progress: Building connections
2018.04.23.18:45:54 Progress: Parameterizing connections
2018.04.23.18:45:54 Progress: Validating
2018.04.23.18:46:13 Progress: Done reading input file
2018.04.23.18:46:18 Progress: Parameterizing module acl_iface
2018.04.23.18:46:18 Progress: Adding sha256_system [sha256_system 1.0]
2018.04.23.18:46:18 Progress: Parameterizing module sha256_system
2018.04.23.18:46:18 Progress: Adding cra_root [cra_ring_root 1.0]
2018.04.23.18:46:19 Progress: Parameterizing module cra_root
2018.04.23.18:46:19 Progress: Adding avs_sha256_cra_cra_ring [cra_ring_node 1.0]
2018.04.23.18:46:19 Progress: Parameterizing module avs_sha256_cra_cra_ring
2018.04.23.18:46:19 Progress: Building connections
2018.04.23.18:46:19 Progress: Parameterizing connections
2018.04.23.18:46:19 Progress: Validating
2018.04.23.18:46:19 Progress: Done reading input file
2018.04.23.18:46:25 Info: system.acl_iface.acl_iface: There are recommended upgrades for: pll
2018.04.23.18:46:25 Info: system.acl_iface.acl_kernel_clk.acl_kernel_clk: There are recommended upgrades for: kernel_pll
2018.04.23.18:46:25 Info: system.acl_iface.acl_kernel_clk.kernel_pll: The legal reference clock frequency is 50.0 MHz..800.0 MHz
2018.04.23.18:46:25 Info: system.acl_iface.acl_kernel_clk.kernel_pll: Able to implement PLL with user settings
2018.04.23.18:46:25 Warning: system.acl_iface.acl_kernel_clk.acl_pll_reconfig: set_interface_assignment: Interface "mgmt_waitrequest" does not exist
2018.04.23.18:46:25 Warning: system.acl_iface.acl_kernel_clk.global_routing_kernel_clk.global_clk/kernel_clk.clk_in: kernel_clk.clk_in requires 100000000Hz, but source has frequency of 0Hz
2018.04.23.18:46:25 Warning: system.acl_iface.hps: "Configuration/HPS-to-FPGA user 0 clock frequency" (desired_cfg_clk_mhz) requested 100.0 MHz, but only achieved 97.368421 MHz
2018.04.23.18:46:25 Warning: system.acl_iface.hps: 1 or more output clock frequencies cannot be achieved precisely, consider revising desired output clock frequencies.
2018.04.23.18:46:25 Info: system.acl_iface.pll: The legal reference clock frequency is 5.0 MHz..800.0 MHz
2018.04.23.18:46:25 Info: system.acl_iface.pll: Able to implement PLL with user settings
2018.04.23.18:46:25 Warning: system.acl_iface: acl_iface.acl_kernel_clk_kernel_pll_locked must be exported, or connected to a matching conduit.
2018.04.23.18:46:25 Warning: system.acl_iface: acl_iface.acl_internal_memorg_kernel must be exported, or connected to a matching conduit.
2018.04.23.18:46:25 Warning: system.acl_iface: acl_iface.kernel_interface_acl_bsp_memorg_host must be exported, or connected to a matching conduit.
2018.04.23.18:46:25 Info: system: Generating system "system" for QUARTUS_SYNTH
2018.04.23.18:46:35 Info: Interconnect is inserted between master acl_iface.kernel_cra and slave cra_root.cra_slave because the master has burstcount signal 1 bit wide, but the slave is 0 bit wide.
2018.04.23.18:46:35 Info: Interconnect is inserted between master acl_iface.kernel_cra and slave cra_root.cra_slave because the master has address signal 30 bit wide, but the slave is 4 bit wide.
2018.04.23.18:46:35 Info: Interconnect is inserted between master acl_iface.kernel_cra and slave cra_root.cra_slave because the master has debugaccess signal 1 bit wide, but the slave is 0 bit wide.
2018.04.23.18:46:51 Info: Interconnect is inserted between master clock_cross_kernel_mem1.m0 and slave address_span_extender_kernel.windowed_slave because the master has address signal 30 bit wide, but the slave is 25 bit wide.
2018.04.23.18:46:51 Info: Interconnect is inserted between master clock_cross_kernel_mem1.m0 and slave address_span_extender_kernel.windowed_slave because the master has debugaccess signal 1 bit wide, but the slave is 0 bit wide.
2018.04.23.18:46:51 Info: Interconnect is inserted between master address_span_extender_kernel.expanded_master and slave hps.f2h_sdram0_data because the master has address signal 32 bit wide, but the slave is 27 bit wide.
2018.04.23.18:46:51 Info: Interconnect is inserted between master address_span_extender_kernel.expanded_master and slave hps.f2h_sdram0_data because the master has burstcount signal 5 bit wide, but the slave is 8 bit wide.
2018.04.23.18:46:52 Warning: hps.f2h_irq0: Cannot connect clock for irq_mapper.sender
2018.04.23.18:46:52 Warning: hps.f2h_irq0: Cannot connect reset for irq_mapper.sender
2018.04.23.18:46:52 Warning: hps.f2h_irq1: Cannot connect clock for irq_mapper_001.sender
2018.04.23.18:46:52 Warning: hps.f2h_irq1: Cannot connect reset for irq_mapper_001.sender
2018.04.23.18:47:01 Info: acl_iface: "system" instantiated acl_iface_system "acl_iface"
2018.04.23.18:47:01 Info: sha256_system: "system" instantiated sha256_system "sha256_system"
2018.04.23.18:47:01 Info: cra_root: "system" instantiated cra_ring_root "cra_root"
2018.04.23.18:47:01 Info: avs_sha256_cra_cra_ring: "system" instantiated cra_ring_node "avs_sha256_cra_cra_ring"
2018.04.23.18:47:01 Info: mm_interconnect_0: "system" instantiated altera_mm_interconnect "mm_interconnect_0"
2018.04.23.18:47:01 Info: mm_interconnect_1: "system" instantiated altera_mm_interconnect "mm_interconnect_1"
2018.04.23.18:47:01 Info: irq_mapper: "system" instantiated altera_irq_mapper "irq_mapper"
2018.04.23.18:47:02 Info: Inserting clock-crossing logic between cmd_demux.src2 and cmd_mux_002.sink0
2018.04.23.18:47:03 Info: Inserting clock-crossing logic between rsp_demux_002.src0 and rsp_mux.sink2
2018.04.23.18:47:06 Info: acl_kernel_clk: "acl_iface" instantiated acl_kernel_clk "acl_kernel_clk"
2018.04.23.18:47:06 Info: clock_cross_kernel_mem1: "acl_iface" instantiated altera_avalon_mm_clock_crossing_bridge "clock_cross_kernel_mem1"
2018.04.23.18:47:06 Info: version_id: "acl_iface" instantiated version_id "version_id"
2018.04.23.18:47:06 Info: hps: "Running  for module: hps"
2018.04.23.18:47:08 Warning: hps: "Configuration/HPS-to-FPGA user 0 clock frequency" (desired_cfg_clk_mhz) requested 100.0 MHz, but only achieved 97.368421 MHz
2018.04.23.18:47:08 Warning: hps: 1 or more output clock frequencies cannot be achieved precisely, consider revising desired output clock frequencies.
2018.04.23.18:47:11 Info: hps: "acl_iface" instantiated altera_hps "hps"
2018.04.23.18:47:11 Info: Interconnect is inserted between master address_span_extender_0.expanded_master and slave kernel_cra.s0 because the master has readdata signal 32 bit wide, but the slave is 64 bit wide.
2018.04.23.18:47:11 Info: Interconnect is inserted between master address_span_extender_0.expanded_master and slave kernel_cra.s0 because the master has writedata signal 32 bit wide, but the slave is 64 bit wide.
2018.04.23.18:47:11 Info: Interconnect is inserted between master address_span_extender_0.expanded_master and slave kernel_cra.s0 because the master has byteenable signal 4 bit wide, but the slave is 8 bit wide.
2018.04.23.18:47:12 Info: Inserting clock-crossing logic between cmd_demux.src0 and cmd_mux.sink0
2018.04.23.18:47:12 Info: Inserting clock-crossing logic between cmd_demux.src1 and cmd_mux_001.sink0
2018.04.23.18:47:12 Info: Inserting clock-crossing logic between rsp_demux.src0 and rsp_mux.sink0
2018.04.23.18:47:12 Info: Inserting clock-crossing logic between rsp_demux_001.src0 and rsp_mux.sink1
2018.04.23.18:47:13 Warning: irq_ena_0.my_irq_in: Cannot connect clock for irq_mapper.sender
2018.04.23.18:47:13 Warning: irq_ena_0.my_irq_in: Cannot connect reset for irq_mapper.sender
2018.04.23.18:47:16 Info: acl_kernel_interface: "acl_iface" instantiated acl_kernel_interface "acl_kernel_interface"
2018.04.23.18:47:16 Info: pll: "acl_iface" instantiated altera_pll "pll"
2018.04.23.18:47:16 Info: address_span_extender_kernel: "acl_iface" instantiated altera_address_span_extender "address_span_extender_kernel"
2018.04.23.18:47:17 Info: mm_interconnect_0: "acl_iface" instantiated altera_mm_interconnect "mm_interconnect_0"
2018.04.23.18:47:17 Info: mm_interconnect_1: "acl_iface" instantiated altera_mm_interconnect "mm_interconnect_1"
2018.04.23.18:47:17 Info: mm_interconnect_2: "acl_iface" instantiated altera_mm_interconnect "mm_interconnect_2"
2018.04.23.18:47:17 Info: irq_mapper: "acl_iface" instantiated altera_irq_mapper "irq_mapper"
2018.04.23.18:47:17 Info: irq_mapper_001: "acl_iface" instantiated altera_irq_mapper "irq_mapper_001"
2018.04.23.18:47:17 Info: rst_controller: "acl_iface" instantiated altera_reset_controller "rst_controller"
2018.04.23.18:47:17 Info: sha256_system_avm_memgmem0_port_0_0_rw_translator: "mm_interconnect_0" instantiated altera_merlin_master_translator "sha256_system_avm_memgmem0_port_0_0_rw_translator"
2018.04.23.18:47:17 Info: acl_iface_kernel_mem0_translator: "mm_interconnect_0" instantiated altera_merlin_slave_translator "acl_iface_kernel_mem0_translator"
2018.04.23.18:47:18 Info: kernel_pll: "acl_kernel_clk" instantiated altera_pll "kernel_pll"
2018.04.23.18:47:39 Info: pll_reconfig_0: "acl_kernel_clk" instantiated acl_pll_reconfig "pll_reconfig_0"
2018.04.23.18:47:39 Info: pll_rom: Starting RTL generation for module 'system_acl_iface_acl_kernel_clk_pll_rom'
2018.04.23.18:47:39 Info: pll_rom:   Generation command is [exec /opt/altera/14.0/quartus/linux64/perl/bin/perl -I /opt/altera/14.0/quartus/linux64/perl/lib -I /opt/altera/14.0/quartus/sopc_builder/bin/europa -I /opt/altera/14.0/quartus/sopc_builder/bin/perl_lib -I /opt/altera/14.0/quartus/sopc_builder/bin -I /opt/altera/14.0/quartus/../ip/altera/sopc_builder_ip/common -I /opt/altera/14.0/quartus/../ip/altera/sopc_builder_ip/altera_avalon_onchip_memory2 -- /opt/altera/14.0/quartus/../ip/altera/sopc_builder_ip/altera_avalon_onchip_memory2/generate_rtl.pl --name=system_acl_iface_acl_kernel_clk_pll_rom --dir=/tmp/alt7644_7816949757267120911.dir/0015_pll_rom_gen/ --quartus_dir=/opt/altera/14.0/quartus --verilog --config=/tmp/alt7644_7816949757267120911.dir/0015_pll_rom_gen//system_acl_iface_acl_kernel_clk_pll_rom_component_configuration.pl  --do_build_sim=0  ]
2018.04.23.18:47:40 Info: pll_rom: Done RTL generation for module 'system_acl_iface_acl_kernel_clk_pll_rom'
2018.04.23.18:47:40 Info: pll_rom: "acl_kernel_clk" instantiated altera_avalon_onchip_memory2 "pll_rom"
2018.04.23.18:47:40 Info: counter: "acl_kernel_clk" instantiated timer "counter"
2018.04.23.18:47:40 Info: global_routing_kernel_clk: "acl_kernel_clk" instantiated global_routing_clk "global_routing_kernel_clk"
2018.04.23.18:47:40 Info: ctrl: "acl_kernel_clk" instantiated altera_avalon_mm_bridge "ctrl"
2018.04.23.18:47:40 Info: pll_sw_reset: "acl_kernel_clk" instantiated sw_reset "pll_sw_reset"
2018.04.23.18:47:40 Info: pll_lock_avs_0: "acl_kernel_clk" instantiated pll_lock_avs "pll_lock_avs_0"
2018.04.23.18:47:41 Info: mm_interconnect_0: "acl_kernel_clk" instantiated altera_mm_interconnect "mm_interconnect_0"
2018.04.23.18:47:41 Info: fpga_interfaces: "hps" instantiated altera_interface_generator "fpga_interfaces"
2018.04.23.18:47:42 Info: hps_io: "hps" instantiated altera_hps_io "hps_io"
2018.04.23.18:47:42 Info: sys_description_rom: Starting RTL generation for module 'system_acl_iface_acl_kernel_interface_sys_description_rom'
2018.04.23.18:47:42 Info: sys_description_rom:   Generation command is [exec /opt/altera/14.0/quartus/linux64/perl/bin/perl -I /opt/altera/14.0/quartus/linux64/perl/lib -I /opt/altera/14.0/quartus/sopc_builder/bin/europa -I /opt/altera/14.0/quartus/sopc_builder/bin/perl_lib -I /opt/altera/14.0/quartus/sopc_builder/bin -I /opt/altera/14.0/quartus/../ip/altera/sopc_builder_ip/common -I /opt/altera/14.0/quartus/../ip/altera/sopc_builder_ip/altera_avalon_onchip_memory2 -- /opt/altera/14.0/quartus/../ip/altera/sopc_builder_ip/altera_avalon_onchip_memory2/generate_rtl.pl --name=system_acl_iface_acl_kernel_interface_sys_description_rom --dir=/tmp/alt7644_7816949757267120911.dir/0017_sys_description_rom_gen/ --quartus_dir=/opt/altera/14.0/quartus --verilog --config=/tmp/alt7644_7816949757267120911.dir/0017_sys_description_rom_gen//system_acl_iface_acl_kernel_interface_sys_description_rom_component_configuration.pl  --do_build_sim=0  ]
2018.04.23.18:47:42 Info: sys_description_rom: Done RTL generation for module 'system_acl_iface_acl_kernel_interface_sys_description_rom'
2018.04.23.18:47:42 Info: sys_description_rom: "acl_kernel_interface" instantiated altera_avalon_onchip_memory2 "sys_description_rom"
2018.04.23.18:47:42 Info: mem_org_mode: "acl_kernel_interface" instantiated mem_org_mode "mem_org_mode"
2018.04.23.18:47:42 Info: irq_bridge_0: "acl_kernel_interface" instantiated altera_irq_bridge "irq_bridge_0"
2018.04.23.18:47:42 Info: irq_ena_0: "acl_kernel_interface" instantiated irq_ena "irq_ena_0"
2018.04.23.18:47:42 Info: mm_interconnect_0: "acl_kernel_interface" instantiated altera_mm_interconnect "mm_interconnect_0"
2018.04.23.18:47:44 Info: mm_interconnect_1: "acl_kernel_interface" instantiated altera_mm_interconnect "mm_interconnect_1"
2018.04.23.18:47:44 Info: hps_h2f_lw_axi_master_agent: "mm_interconnect_0" instantiated altera_merlin_axi_master_ni "hps_h2f_lw_axi_master_agent"
2018.04.23.18:47:44 Info: version_id_s_agent: "mm_interconnect_0" instantiated altera_merlin_slave_agent "version_id_s_agent"
2018.04.23.18:47:44 Info: version_id_s_agent_rsp_fifo: "mm_interconnect_0" instantiated altera_avalon_sc_fifo "version_id_s_agent_rsp_fifo"
2018.04.23.18:47:44 Info: router: "mm_interconnect_0" instantiated altera_merlin_router "router"
2018.04.23.18:47:44 Info: router_002: "mm_interconnect_0" instantiated altera_merlin_router "router_002"
2018.04.23.18:47:44 Info: hps_h2f_lw_axi_master_wr_limiter: "mm_interconnect_0" instantiated altera_merlin_traffic_limiter "hps_h2f_lw_axi_master_wr_limiter"
2018.04.23.18:47:44 Info: Reusing file /home/wcrea/CSC456-Project/bin_sha256/system/synthesis/submodules/altera_avalon_sc_fifo.v
2018.04.23.18:47:44 Info: version_id_s_burst_adapter: "mm_interconnect_0" instantiated altera_merlin_burst_adapter "version_id_s_burst_adapter"
2018.04.23.18:47:44 Info: Reusing file /home/wcrea/CSC456-Project/bin_sha256/system/synthesis/submodules/altera_merlin_address_alignment.sv
2018.04.23.18:47:44 Info: Reusing file /home/wcrea/CSC456-Project/bin_sha256/system/synthesis/submodules/altera_avalon_st_pipeline_base.v
2018.04.23.18:47:44 Info: cmd_demux: "mm_interconnect_0" instantiated altera_merlin_demultiplexer "cmd_demux"
2018.04.23.18:47:44 Info: cmd_mux: "mm_interconnect_0" instantiated altera_merlin_multiplexer "cmd_mux"
2018.04.23.18:47:44 Info: rsp_demux: "mm_interconnect_0" instantiated altera_merlin_demultiplexer "rsp_demux"
2018.04.23.18:47:44 Info: rsp_mux: "mm_interconnect_0" instantiated altera_merlin_multiplexer "rsp_mux"
2018.04.23.18:47:44 Info: Reusing file /home/wcrea/CSC456-Project/bin_sha256/system/synthesis/submodules/altera_merlin_arbitrator.sv
2018.04.23.18:47:44 Info: address_span_extender_kernel_expanded_master_agent: "mm_interconnect_2" instantiated altera_merlin_master_agent "address_span_extender_kernel_expanded_master_agent"
2018.04.23.18:47:44 Info: router: "mm_interconnect_2" instantiated altera_merlin_router "router"
2018.04.23.18:47:44 Info: router_001: "mm_interconnect_2" instantiated altera_merlin_router "router_001"
2018.04.23.18:47:44 Info: cmd_demux: "mm_interconnect_2" instantiated altera_merlin_demultiplexer "cmd_demux"
2018.04.23.18:47:44 Info: cmd_mux: "mm_interconnect_2" instantiated altera_merlin_multiplexer "cmd_mux"
2018.04.23.18:47:44 Info: Reusing file /home/wcrea/CSC456-Project/bin_sha256/system/synthesis/submodules/altera_merlin_arbitrator.sv
2018.04.23.18:47:45 Info: rsp_mux: "mm_interconnect_2" instantiated altera_merlin_multiplexer "rsp_mux"
2018.04.23.18:47:45 Info: Reusing file /home/wcrea/CSC456-Project/bin_sha256/system/synthesis/submodules/altera_merlin_arbitrator.sv
2018.04.23.18:47:45 Info: router: "mm_interconnect_0" instantiated altera_merlin_router "router"
2018.04.23.18:47:45 Info: router_001: "mm_interconnect_0" instantiated altera_merlin_router "router_001"
2018.04.23.18:47:45 Info: router_003: "mm_interconnect_0" instantiated altera_merlin_router "router_003"
2018.04.23.18:47:45 Info: cmd_demux: "mm_interconnect_0" instantiated altera_merlin_demultiplexer "cmd_demux"
2018.04.23.18:47:45 Info: cmd_mux: "mm_interconnect_0" instantiated altera_merlin_multiplexer "cmd_mux"
2018.04.23.18:47:45 Info: Reusing file /home/wcrea/CSC456-Project/bin_sha256/system/synthesis/submodules/altera_merlin_arbitrator.sv
2018.04.23.18:47:45 Info: cmd_mux_002: "mm_interconnect_0" instantiated altera_merlin_multiplexer "cmd_mux_002"
2018.04.23.18:47:45 Info: Reusing file /home/wcrea/CSC456-Project/bin_sha256/system/synthesis/submodules/altera_merlin_arbitrator.sv
2018.04.23.18:47:45 Info: rsp_demux: "mm_interconnect_0" instantiated altera_merlin_demultiplexer "rsp_demux"
2018.04.23.18:47:45 Info: rsp_demux_002: "mm_interconnect_0" instantiated altera_merlin_demultiplexer "rsp_demux_002"
2018.04.23.18:47:45 Info: rsp_mux: "mm_interconnect_0" instantiated altera_merlin_multiplexer "rsp_mux"
2018.04.23.18:47:45 Info: Reusing file /home/wcrea/CSC456-Project/bin_sha256/system/synthesis/submodules/altera_merlin_arbitrator.sv
2018.04.23.18:47:45 Info: crosser: "mm_interconnect_0" instantiated altera_avalon_st_handshake_clock_crosser "crosser"
2018.04.23.18:47:45 Info: Reusing file /home/wcrea/CSC456-Project/bin_sha256/system/synthesis/submodules/altera_avalon_st_pipeline_base.v
2018.04.23.18:48:18 Info: border: "hps_io" instantiated altera_interface_generator "border"
2018.04.23.18:48:18 Info: router: "mm_interconnect_0" instantiated altera_merlin_router "router"
2018.04.23.18:48:18 Info: router_001: "mm_interconnect_0" instantiated altera_merlin_router "router_001"
2018.04.23.18:48:18 Info: cmd_demux: "mm_interconnect_0" instantiated altera_merlin_demultiplexer "cmd_demux"
2018.04.23.18:48:18 Info: cmd_mux: "mm_interconnect_0" instantiated altera_merlin_multiplexer "cmd_mux"
2018.04.23.18:48:18 Info: Reusing file /home/wcrea/CSC456-Project/bin_sha256/system/synthesis/submodules/altera_merlin_arbitrator.sv
2018.04.23.18:48:18 Info: rsp_mux: "mm_interconnect_0" instantiated altera_merlin_multiplexer "rsp_mux"
2018.04.23.18:48:18 Info: Reusing file /home/wcrea/CSC456-Project/bin_sha256/system/synthesis/submodules/altera_merlin_arbitrator.sv
2018.04.23.18:48:18 Info: kernel_cra_s0_cmd_width_adapter: "mm_interconnect_0" instantiated altera_merlin_width_adapter "kernel_cra_s0_cmd_width_adapter"
2018.04.23.18:48:18 Info: Reusing file /home/wcrea/CSC456-Project/bin_sha256/system/synthesis/submodules/altera_merlin_address_alignment.sv
2018.04.23.18:48:18 Info: Reusing file /home/wcrea/CSC456-Project/bin_sha256/system/synthesis/submodules/altera_merlin_burst_uncompressor.sv
2018.04.23.18:48:18 Info: router: "mm_interconnect_1" instantiated altera_merlin_router "router"
2018.04.23.18:48:18 Info: router_001: "mm_interconnect_1" instantiated altera_merlin_router "router_001"
2018.04.23.18:48:18 Info: router_002: "mm_interconnect_1" instantiated altera_merlin_router "router_002"
2018.04.23.18:48:18 Info: router_003: "mm_interconnect_1" instantiated altera_merlin_router "router_003"
2018.04.23.18:48:18 Info: router_005: "mm_interconnect_1" instantiated altera_merlin_router "router_005"
2018.04.23.18:48:18 Info: cmd_demux: "mm_interconnect_1" instantiated altera_merlin_demultiplexer "cmd_demux"
2018.04.23.18:48:18 Info: cmd_mux: "mm_interconnect_1" instantiated altera_merlin_multiplexer "cmd_mux"
2018.04.23.18:48:18 Info: Reusing file /home/wcrea/CSC456-Project/bin_sha256/system/synthesis/submodules/altera_merlin_arbitrator.sv
2018.04.23.18:48:18 Info: cmd_mux_002: "mm_interconnect_1" instantiated altera_merlin_multiplexer "cmd_mux_002"
2018.04.23.18:48:18 Info: Reusing file /home/wcrea/CSC456-Project/bin_sha256/system/synthesis/submodules/altera_merlin_arbitrator.sv
2018.04.23.18:48:18 Info: rsp_demux: "mm_interconnect_1" instantiated altera_merlin_demultiplexer "rsp_demux"
2018.04.23.18:48:18 Info: rsp_demux_002: "mm_interconnect_1" instantiated altera_merlin_demultiplexer "rsp_demux_002"
2018.04.23.18:48:18 Info: rsp_mux: "mm_interconnect_1" instantiated altera_merlin_multiplexer "rsp_mux"
2018.04.23.18:48:18 Info: Reusing file /home/wcrea/CSC456-Project/bin_sha256/system/synthesis/submodules/altera_merlin_arbitrator.sv
2018.04.23.18:48:18 Info: system: Done "system" with 85 modules, 199 files
